log2c=-3 log2g=1 rate=45.7642
log2c=-3 log2g=-7 rate=45.7642
log2c=-1 log2g=-13 rate=45.9423
log2c=-1 log2g=-7 rate=45.9089
log2c=9 log2g=1 rate=47.5231
log2c=11 log2g=-13 rate=48.1465
log2c=11 log2g=1 rate=47.5231
log2c=-1 log2g=1 rate=45.9089
log2c=9 log2g=-7 rate=47.601
log2c=9 log2g=-13 rate=48.1465
log2c=9 log2g=-1 rate=47.5231
log2c=5 log2g=-7 rate=47.601
log2c=11 log2g=-7 rate=47.601
log2c=-1 log2g=-1 rate=45.9089
log2c=5 log2g=1 rate=47.5231
log2c=5 log2g=-1 rate=47.5231
log2c=-1 log2g=-11 rate=45.9201
log2c=5 log2g=-13 rate=48.1465
log2c=11 log2g=-1 rate=47.5231
log2c=-3 log2g=-11 rate=45.7642
log2c=5 log2g=-11 rate=47.601
log2c=-3 log2g=-5 rate=45.7642
log2c=11 log2g=-11 rate=47.601
log2c=-1 log2g=-5 rate=45.9089
log2c=3 log2g=-7 rate=47.601
log2c=3 log2g=1 rate=47.5231
log2c=3 log2g=-1 rate=47.5231
log2c=9 log2g=-11 rate=47.601
log2c=3 log2g=-13 rate=48.1465
log2c=5 log2g=-5 rate=47.5788
log2c=3 log2g=-11 rate=47.601
log2c=11 log2g=-5 rate=47.5788
log2c=15 log2g=-13 rate=48.1465
log2c=9 log2g=-5 rate=47.5788
log2c=15 log2g=-7 rate=47.601
log2c=3 log2g=-5 rate=47.5788
log2c=15 log2g=-1 rate=47.5231
log2c=15 log2g=1 rate=47.5231
log2c=-5 log2g=-7 rate=45.7642
log2c=-5 log2g=-1 rate=45.7642
log2c=-5 log2g=-13 rate=45.7642
log2c=-5 log2g=1 rate=45.7642
log2c=-5 log2g=-5 rate=45.7642
log2c=-5 log2g=-11 rate=45.7642
log2c=-5 log2g=-15 rate=45.7642
log2c=-1 log2g=-15 rate=46.6103
log2c=-3 log2g=-15 rate=45.7642
log2c=15 log2g=-11 rate=47.601
log2c=15 log2g=-5 rate=47.5788
log2c=-5 log2g=3 rate=45.7642
log2c=5 log2g=-15 rate=49.5269
log2c=-3 log2g=3 rate=45.7642
log2c=-1 log2g=3 rate=45.9089
log2c=9 log2g=-15 rate=49.5269
log2c=11 log2g=-15 rate=49.5269
log2c=3 log2g=-15 rate=49.5269
log2c=15 log2g=-15 rate=49.5269
log2c=5 log2g=3 rate=47.5231
log2c=-3 log2g=-13 rate=45.7642
log2c=-3 log2g=-1 rate=45.7642
log2c=11 log2g=3 rate=47.5231
log2c=3 log2g=3 rate=47.5231
log2c=15 log2g=3 rate=47.5231
log2c=9 log2g=3 rate=47.5231
log2c=7 log2g=-1 rate=47.5231
log2c=7 log2g=-7 rate=47.601
log2c=-3 log2g=-9 rate=45.7642
log2c=7 log2g=-13 rate=48.1465
log2c=7 log2g=1 rate=47.5231
log2c=7 log2g=-11 rate=47.601
log2c=-5 log2g=-9 rate=45.7642
log2c=7 log2g=-5 rate=47.5788
log2c=-1 log2g=-9 rate=45.9201
log2c=7 log2g=-15 rate=49.5269
log2c=7 log2g=3 rate=47.5231
log2c=5 log2g=-9 rate=47.601
log2c=11 log2g=-9 rate=47.601
log2c=9 log2g=-9 rate=47.601
log2c=-3 log2g=-3 rate=45.7642
log2c=3 log2g=-9 rate=47.601
log2c=-5 log2g=-3 rate=45.7642
log2c=-1 log2g=-3 rate=45.9089
log2c=7 log2g=-9 rate=47.601
log2c=1 log2g=-7 rate=47.601
log2c=1 log2g=-1 rate=47.5231
log2c=1 log2g=-13 rate=48.1465
log2c=1 log2g=1 rate=47.5231
log2c=1 log2g=-15 rate=49.5491
log2c=1 log2g=-5 rate=47.5788
log2c=1 log2g=3 rate=47.5231
log2c=1 log2g=-11 rate=47.601
log2c=1 log2g=-9 rate=47.601
log2c=5 log2g=-3 rate=47.5231
log2c=11 log2g=-3 rate=47.5231
log2c=9 log2g=-3 rate=47.5231
log2c=3 log2g=-3 rate=47.5231
log2c=15 log2g=-3 rate=47.5231
log2c=7 log2g=-3 rate=47.5231
log2c=1 log2g=-3 rate=47.5231
log2c=13 log2g=-7 rate=47.601
log2c=13 log2g=-13 rate=48.1465
log2c=13 log2g=-1 rate=47.5231
log2c=13 log2g=1 rate=47.5231
log2c=13 log2g=-5 rate=47.5788
log2c=13 log2g=-11 rate=47.601
log2c=13 log2g=-15 rate=49.5269
log2c=13 log2g=-9 rate=47.601
log2c=13 log2g=3 rate=47.5231
log2c=13 log2g=-3 rate=47.5231
log2c=15 log2g=-9 rate=47.601

0-lhoste$ tools/grid.py -t 2 -e 0.1 /tmp/giraudf/train_pool5_ab
>> Executing: ssh -x -t -t giraudf@eurecom10.eurecom.fr "cd /homes/giraudf/plibsvm-3.18; tools/../svm-train -c 32.0  -g 0.0078125  -v 5 -t 2 -e 0.1 /tmp/giraudf/train_pool5_ab "
>> Executing: ssh -x -t -t giraudf@eurecom11.eurecom.fr "cd /homes/giraudf/plibsvm-3.18; tools/../svm-train -c 0.5  -g 0.0078125  -v 5 -t 2 -e 0.1 /tmp/giraudf/train_pool5_ab "
>> Executing: ssh -x -t -t giraudf@eurecom12.eurecom.fr "cd /homes/giraudf/plibsvm-3.18; tools/../svm-train -c 32.0  -g 0.5  -v 5 -t 2 -e 0.1 /tmp/giraudf/train_pool5_ab "
>> Executing: ssh -x -t -t giraudf@eurecom13.eurecom.fr "cd /homes/giraudf/plibsvm-3.18; tools/../svm-train -c 0.5  -g 0.5  -v 5 -t 2 -e 0.1 /tmp/giraudf/train_pool5_ab "
>> Executing: ssh -x -t -t giraudf@eurecom14.eurecom.fr "cd /homes/giraudf/plibsvm-3.18; tools/../svm-train -c 2048.0  -g 0.0078125  -v 5 -t 2 -e 0.1 /tmp/giraudf/train_pool5_ab "
>> Executing: ssh -x -t -t giraudf@eurecom16.eurecom.fr "cd /homes/giraudf/plibsvm-3.18; tools/../svm-train -c 2048.0  -g 0.5  -v 5 -t 2 -e 0.1 /tmp/giraudf/train_pool5_ab "
>> Executing: ssh -x -t -t giraudf@eurecom15.eurecom.fr "cd /homes/giraudf/plibsvm-3.18; tools/../svm-train -c 32.0  -g 0.0001220703125  -v 5 -t 2 -e 0.1 /tmp/giraudf/train_pool5_ab "
>> Executing: ssh -x -t -t giraudf@eurecom17.eurecom.fr "cd /homes/giraudf/plibsvm-3.18; tools/../svm-train -c 0.5  -g 0.0001220703125  -v 5 -t 2 -e 0.1 /tmp/giraudf/train_pool5_ab "
>> Executing: ssh -x -t -t giraudf@eurecom18.eurecom.fr "cd /homes/giraudf/plibsvm-3.18; tools/../svm-train -c 2048.0  -g 0.0001220703125  -v 5 -t 2 -e 0.1 /tmp/giraudf/train_pool5_ab "
>> Executing: ssh -x -t -t giraudf@eurecom19.eurecom.fr "cd /homes/giraudf/plibsvm-3.18; tools/../svm-train -c 0.125  -g 0.0078125  -v 5 -t 2 -e 0.1 /tmp/giraudf/train_pool5_ab "
>> Executing: ssh -x -t -t giraudf@eurecom20.eurecom.fr "cd /homes/giraudf/plibsvm-3.18; tools/../svm-train -c 0.125  -g 0.5  -v 5 -t 2 -e 0.1 /tmp/giraudf/train_pool5_ab "
>> Executing: ssh -x -t -t giraudf@eurecom21.eurecom.fr "cd /homes/giraudf/plibsvm-3.18; tools/../svm-train -c 0.125  -g 0.0001220703125  -v 5 -t 2 -e 0.1 /tmp/giraudf/train_pool5_ab "
>> Executing: ssh -x -t -t giraudf@eurecom22.eurecom.fr "cd /homes/giraudf/plibsvm-3.18; tools/../svm-train -c 32.0  -g 2.0  -v 5 -t 2 -e 0.1 /tmp/giraudf/train_pool5_ab "
>> Executing: ssh -x -t -t giraudf@eurecom23.eurecom.fr "cd /homes/giraudf/plibsvm-3.18; tools/../svm-train -c 0.5  -g 2.0  -v 5 -t 2 -e 0.1 /tmp/giraudf/train_pool5_ab "
>> Executing: ssh -x -t -t giraudf@eurecom24.eurecom.fr "cd /homes/giraudf/plibsvm-3.18; tools/../svm-train -c 2048.0  -g 2.0  -v 5 -t 2 -e 0.1 /tmp/giraudf/train_pool5_ab "
>> Executing: ssh -x -t -t giraudf@eurecom25.eurecom.fr "cd /homes/giraudf/plibsvm-3.18; tools/../svm-train -c 0.125  -g 2.0  -v 5 -t 2 -e 0.1 /tmp/giraudf/train_pool5_ab "
>> Executing: ssh -x -t -t giraudf@eurecom26.eurecom.fr "cd /homes/giraudf/plibsvm-3.18; tools/../svm-train -c 512.0  -g 0.0078125  -v 5 -t 2 -e 0.1 /tmp/giraudf/train_pool5_ab "
>> Executing: ssh -x -t -t giraudf@eurecom27.eurecom.fr "cd /homes/giraudf/plibsvm-3.18; tools/../svm-train -c 512.0  -g 0.5  -v 5 -t 2 -e 0.1 /tmp/giraudf/train_pool5_ab "
>> Executing: ssh -x -t -t giraudf@eurecom28.eurecom.fr "cd /homes/giraudf/plibsvm-3.18; tools/../svm-train -c 512.0  -g 0.0001220703125  -v 5 -t 2 -e 0.1 /tmp/giraudf/train_pool5_ab "
>> Executing: ssh -x -t -t giraudf@eurecom29.eurecom.fr "cd /homes/giraudf/plibsvm-3.18; tools/../svm-train -c 512.0  -g 2.0  -v 5 -t 2 -e 0.1 /tmp/giraudf/train_pool5_ab "

>> Executing: ssh -x -t -t giraudf@eurecom25.eurecom.fr "cd /homes/giraudf/plibsvm-3.18; tools/../svm-train -c 32.0  -g 0.00048828125  -v 5 -t 2 -e 0.1 /tmp/giraudf/train_pool5_ab "[giraudf@eurecom25.eurecom.fr] -3 1 45.7642 (best c=0.125, g=2.0, rate=45.7642)

>> Executing: ssh -x -t -t giraudf@eurecom19.eurecom.fr "cd /homes/giraudf/plibsvm-3.18; tools/../svm-train -c 0.5  -g 0.00048828125  -v 5 -t 2 -e 0.1 /tmp/giraudf/train_pool5_ab "
[giraudf@eurecom19.eurecom.fr] -3 -7 45.7642 (best c=0.125, g=2.0, rate=45.7642)

>> Executing: ssh -x -t -t giraudf@eurecom17.eurecom.fr "cd /homes/giraudf/plibsvm-3.18; tools/../svm-train -c 2048.0  -g 0.00048828125  -v 5 -t 2 -e 0.1 /tmp/giraudf/train_pool5_ab "
[giraudf@eurecom17.eurecom.fr] -1 -13 45.9423 (best c=0.5, g=0.0001220703125, rate=45.9423)
>> Executing: ssh -x -t -t giraudf@eurecom11.eurecom.fr "cd /homes/giraudf/plibsvm-3.18; tools/../svm-train -c 0.125  -g 0.00048828125  -v 5 -t 2 -e 0.1 /tmp/giraudf/train_pool5_ab "
[giraudf@eurecom11.eurecom.fr] -1 -7 45.9089 (best c=0.5, g=0.0001220703125, rate=45.9423)
[giraudf@eurecom29.eurecom.fr] 9 1 47.5231 (best c=512.0, g=2.0, rate=47.5231)
 >> Executing: ssh -x -t -t giraudf@eurecom29.eurecom.fr "cd /homes/giraudf/plibsvm-3.18; tools/../svm-train -c 512.0  -g 0.00048828125  -v 5 -t 2 -e 0.1 /tmp/giraudf/train_pool5_ab "
>> Executing: ssh -x -t -t giraudf@eurecom18.eurecom.fr "cd /homes/giraudf/plibsvm-3.18; tools/../svm-train -c 8.0  -g 0.0078125  -v 5 -t 2 -e 0.1 /tmp/giraudf/train_pool5_ab "[giraudf@eurecom18.eurecom.fr] 11 -13 48.1465 (best c=2048.0, g=0.0001220703125, rate=48.1465)

>> Executing: ssh -x -t -t giraudf@eurecom24.eurecom.fr "cd /homes/giraudf/plibsvm-3.18; tools/../svm-train -c 8.0  -g 0.5  -v 5 -t 2 -e 0.1 /tmp/giraudf/train_pool5_ab "
 [giraudf@eurecom24.eurecom.fr] 11 1 47.5231 (best c=2048.0, g=0.0001220703125, rate=48.1465)
>> Executing: ssh -x -t -t giraudf@eurecom23.eurecom.fr "cd /homes/giraudf/plibsvm-3.18; tools/../svm-train -c 8.0  -g 0.0001220703125  -v 5 -t 2 -e 0.1 /tmp/giraudf/train_pool5_ab "
[giraudf@eurecom23.eurecom.fr] -1 1 45.9089 (best c=2048.0, g=0.0001220703125, rate=48.1465)
>> Executing: ssh -x -t -t giraudf@eurecom26.eurecom.fr "cd /homes/giraudf/plibsvm-3.18; tools/../svm-train -c 8.0  -g 2.0  -v 5 -t 2 -e 0.1 /tmp/giraudf/train_pool5_ab "
 [giraudf@eurecom26.eurecom.fr] 9 -7 47.601 (best c=2048.0, g=0.0001220703125, rate=48.1465)
>> Executing: ssh -x -t -t giraudf@eurecom28.eurecom.fr "cd /homes/giraudf/plibsvm-3.18; tools/../svm-train -c 8.0  -g 0.00048828125  -v 5 -t 2 -e 0.1 /tmp/giraudf/train_pool5_ab "
 >> Executing: ssh -x -t -t giraudf@eurecom27.eurecom.fr "cd /homes/giraudf/plibsvm-3.18; tools/../svm-train -c 32.0  -g 0.03125  -v 5 -t 2 -e 0.1 /tmp/giraudf/train_pool5_ab "
[giraudf@eurecom28.eurecom.fr] 9 -13 48.1465 (best c=512.0, g=0.0001220703125, rate=48.1465)
[giraudf@eurecom27.eurecom.fr] 9 -1 47.5231 (best c=512.0, g=0.0001220703125, rate=48.1465)
>> Executing: ssh -x -t -t giraudf@eurecom10.eurecom.fr "cd /homes/giraudf/plibsvm-3.18; tools/../svm-train -c 0.5  -g 0.03125  -v 5 -t 2 -e 0.1 /tmp/giraudf/train_pool5_ab "
 [giraudf@eurecom10.eurecom.fr] 5 -7 47.601 (best c=512.0, g=0.0001220703125, rate=48.1465)
>> Executing: >> Executing: ssh -x -t -t giraudf@eurecom13.eurecom.fr "cd /homes/giraudf/plibsvm-3.18; tools/../svm-train -c 0.125  -g 0.03125  -v 5 -t 2 -e 0.1 /tmp/giraudf/train_pool5_ab "
 [giraudf@eurecom14.eurecom.fr] 11 -7 47.601 (best c=512.0, g=0.0001220703125, rate=48.1465)
ssh -x -t -t giraudf@eurecom14.eurecom.fr "cd /homes/giraudf/plibsvm-3.18; tools/../svm-train -c 2048.0  -g 0.03125  -v 5 -t 2 -e 0.1 /tmp/giraudf/train_pool5_ab "
[giraudf@eurecom13.eurecom.fr] -1 -1 45.9089 (best c=512.0, g=0.0001220703125, rate=48.1465)
>> Executing: ssh -x -t -t giraudf@eurecom22.eurecom.fr "cd /homes/giraudf/plibsvm-3.18; tools/../svm-train -c 512.0  -g 0.03125  -v 5 -t 2 -e 0.1 /tmp/giraudf/train_pool5_ab "
 [giraudf@eurecom22.eurecom.fr] 5 1 47.5231 (best c=512.0, g=0.0001220703125, rate=48.1465)
>> Executing: [giraudf@eurecom12.eurecom.fr] 5 -1 47.5231 (best c=512.0, g=0.0001220703125, rate=48.1465)
ssh -x -t -t giraudf@eurecom12.eurecom.fr "cd /homes/giraudf/plibsvm-3.18; tools/../svm-train -c 8.0  -g 0.03125  -v 5 -t 2 -e 0.1 /tmp/giraudf/train_pool5_ab "
>> Executing: [giraudf@eurecom19.eurecom.fr] -1 -11 45.9201 (best c=512.0, g=0.0001220703125, rate=48.1465)
ssh -x -t -t giraudf@eurecom19.eurecom.fr "cd /homes/giraudf/plibsvm-3.18; tools/../svm-train -c 32768.0  -g 0.0078125  -v 5 -t 2 -e 0.1 /tmp/giraudf/train_pool5_ab "
>> Executing: ssh -x -t -t giraudf@eurecom15.eurecom.fr "cd /homes/giraudf/plibsvm-3.18; tools/../svm-train -c 32768.0  -g 0.5  -v 5 -t 2 -e 0.1 /tmp/giraudf/train_pool5_ab "
 >> Executing:[giraudf@eurecom15.eurecom.fr] 5 -13 48.1465 (best c=32.0, g=0.0001220703125, rate=48.1465)
[giraudf@eurecom16.eurecom.fr] 11 -1 47.5231 (best c=32.0, g=0.0001220703125, rate=48.1465)
 ssh -x -t -t giraudf@eurecom16.eurecom.fr "cd /homes/giraudf/plibsvm-3.18; tools/../svm-train -c 32768.0  -g 0.0001220703125  -v 5 -t 2 -e 0.1 /tmp/giraudf/train_pool5_ab "
>> Executing: [giraudf@eurecom11.eurecom.fr] -3 -11 45.7642 (best c=32.0, g=0.0001220703125, rate=48.1465)
ssh -x -t -t giraudf@eurecom11.eurecom.fr "cd /homes/giraudf/plibsvm-3.18; tools/../svm-train -c 32768.0  -g 2.0  -v 5 -t 2 -e 0.1 /tmp/giraudf/train_pool5_ab "
>> Executing: [giraudf@eurecom25.eurecom.fr] 5 -11 47.601 (best c=32.0, g=0.0001220703125, rate=48.1465)
ssh -x -t -t giraudf@eurecom25.eurecom.fr "cd /homes/giraudf/plibsvm-3.18; tools/../svm-train -c 32768.0  -g 0.00048828125  -v 5 -t 2 -e 0.1 /tmp/giraudf/train_pool5_ab "
>> Executing: ssh -x -t -t giraudf@eurecom13.eurecom.fr "cd /homes/giraudf/plibsvm-3.18; tools/../svm-train -c 32768.0  -g 0.03125  -v 5 -t 2 -e 0.1 /tmp/giraudf/train_pool5_ab "[giraudf@eurecom13.eurecom.fr] -3 -5 45.7642 (best c=32.0, g=0.0001220703125, rate=48.1465)

>> Executing: [giraudf@eurecom17.eurecom.fr] 11 -11 47.601 (best c=32.0, g=0.0001220703125, rate=48.1465)
ssh -x -t -t giraudf@eurecom17.eurecom.fr "cd /homes/giraudf/plibsvm-3.18; tools/../svm-train -c 32.0  -g 3.0517578125e-05  -v 5 -t 2 -e 0.1 /tmp/giraudf/train_pool5_ab "
[giraudf@eurecom10.eurecom.fr] -1 -5 45.9089 (best c=32.0, g=0.0001220703125, rate=48.1465)
 >> Executing: ssh -x -t -t giraudf@eurecom10.eurecom.fr "cd /homes/giraudf/plibsvm-3.18; tools/../svm-train -c 0.5  -g 3.0517578125e-05  -v 5 -t 2 -e 0.1 /tmp/giraudf/train_pool5_ab "
>> Executing: ssh -x -t -t giraudf@eurecom18.eurecom.fr "cd /homes/giraudf/plibsvm-3.18; tools/../svm-train -c 2048.0  -g 3.0517578125e-05  -v 5 -t 2 -e 0.1 /tmp/giraudf/train_pool5_ab "
 [giraudf@eurecom18.eurecom.fr] 3 -7 47.601 (best c=32.0, g=0.0001220703125, rate=48.1465)
>> Executing: [giraudf@eurecom26.eurecom.fr] 3 1 47.5231 (best c=32.0, g=0.0001220703125, rate=48.1465)
ssh -x -t -t giraudf@eurecom26.eurecom.fr "cd /homes/giraudf/plibsvm-3.18; tools/../svm-train -c 0.125  -g 3.0517578125e-05  -v 5 -t 2 -e 0.1 /tmp/giraudf/train_pool5_ab "
>> Executing: [giraudf@eurecom24.eurecom.fr] 3 -1 47.5231 (best c=32.0, g=0.0001220703125, rate=48.1465)
ssh -x -t -t giraudf@eurecom24.eurecom.fr "cd /homes/giraudf/plibsvm-3.18; tools/../svm-train -c 512.0  -g 3.0517578125e-05  -v 5 -t 2 -e 0.1 /tmp/giraudf/train_pool5_ab "
>> Executing: [giraudf@eurecom29.eurecom.fr] 9 -11 47.601 (best c=32.0, g=0.0001220703125, rate=48.1465)
ssh -x -t -t giraudf@eurecom29.eurecom.fr "cd /homes/giraudf/plibsvm-3.18; tools/../svm-train -c 8.0  -g 3.0517578125e-05  -v 5 -t 2 -e 0.1 /tmp/giraudf/train_pool5_ab "
>> Executing: [giraudf@eurecom23.eurecom.fr] 3 -13 48.1465 (best c=8.0, g=0.0001220703125, rate=48.1465)
ssh -x -t -t giraudf@eurecom23.eurecom.fr "cd /homes/giraudf/plibsvm-3.18; tools/../svm-train -c 32768.0  -g 3.0517578125e-05  -v 5 -t 2 -e 0.1 /tmp/giraudf/train_pool5_ab "
>> Executing: ssh -x -t -t giraudf@eurecom27.eurecom.fr "cd /homes/giraudf/plibsvm-3.18; tools/../svm-train -c 0.03125  -g 0.0078125  -v 5 -t 2 -e 0.1 /tmp/giraudf/train_pool5_ab "
 [giraudf@eurecom27.eurecom.fr] 5 -5 47.5788 (best c=8.0, g=0.0001220703125, rate=48.1465)
>> Executing: ssh -x -t -t giraudf@eurecom28.eurecom.fr "cd /homes/giraudf/plibsvm-3.18; tools/../svm-train -c 0.03125  -g 0.5  -v 5 -t 2 -e 0.1 /tmp/giraudf/train_pool5_ab "
 [giraudf@eurecom28.eurecom.fr] 3 -11 47.601 (best c=8.0, g=0.0001220703125, rate=48.1465)
>> Executing: ssh -x -t -t giraudf@eurecom14.eurecom.fr "cd /homes/giraudf/plibsvm-3.18; tools/../svm-train -c 0.03125  -g 0.0001220703125  -v 5 -t 2 -e 0.1 /tmp/giraudf/train_pool5_ab "[giraudf@eurecom14.eurecom.fr] 11 -5 47.5788 (best c=8.0, g=0.0001220703125, rate=48.1465)

>> Executing: [giraudf@eurecom16.eurecom.fr] 15 -13 48.1465 (best c=8.0, g=0.0001220703125, rate=48.1465)
ssh -x -t -t giraudf@eurecom16.eurecom.fr "cd /homes/giraudf/plibsvm-3.18; tools/../svm-train -c 0.03125  -g 2.0  -v 5 -t 2 -e 0.1 /tmp/giraudf/train_pool5_ab "
>> Executing: ssh -x -t -t giraudf@eurecom22.eurecom.fr "cd /homes/giraudf/plibsvm-3.18; tools/../svm-train -c 0.03125  -g 0.00048828125  -v 5 -t 2 -e 0.1 /tmp/giraudf/train_pool5_ab "
 [giraudf@eurecom22.eurecom.fr] 9 -5 47.5788 (best c=8.0, g=0.0001220703125, rate=48.1465)
>> Executing: [giraudf@eurecom19.eurecom.fr] 15 -7 47.601 (best c=8.0, g=0.0001220703125, rate=48.1465)
ssh -x -t -t giraudf@eurecom19.eurecom.fr "cd /homes/giraudf/plibsvm-3.18; tools/../svm-train -c 0.03125  -g 0.03125  -v 5 -t 2 -e 0.1 /tmp/giraudf/train_pool5_ab "
>> Executing: [giraudf@eurecom12.eurecom.fr] 3 -5 47.5788 (best c=8.0, g=0.0001220703125, rate=48.1465)
ssh -x -t -t giraudf@eurecom12.eurecom.fr "cd /homes/giraudf/plibsvm-3.18; tools/../svm-train -c 0.03125  -g 3.0517578125e-05  -v 5 -t 2 -e 0.1 /tmp/giraudf/train_pool5_ab "
[giraudf@eurecom15.eurecom.fr] 15 -1 47.5231 (best c=8.0, g=0.0001220703125, rate=48.1465)
 >> Executing: ssh -x -t -t giraudf@eurecom15.eurecom.fr "cd /homes/giraudf/plibsvm-3.18; tools/../svm-train -c 32.0  -g 8.0  -v 5 -t 2 -e 0.1 /tmp/giraudf/train_pool5_ab "
>> Executing: [giraudf@eurecom11.eurecom.fr] 15 1 47.5231 (best c=8.0, g=0.0001220703125, rate=48.1465)
ssh -x -t -t giraudf@eurecom11.eurecom.fr "cd /homes/giraudf/plibsvm-3.18; tools/../svm-train -c 0.5  -g 8.0  -v 5 -t 2 -e 0.1 /tmp/giraudf/train_pool5_ab "
>> Executing: [giraudf@eurecom27.eurecom.fr] -5 -7 45.7642 (best c=8.0, g=0.0001220703125, rate=48.1465)
ssh -x -t -t giraudf@eurecom27.eurecom.fr "cd /homes/giraudf/plibsvm-3.18; tools/../svm-train -c 2048.0  -g 8.0  -v 5 -t 2 -e 0.1 /tmp/giraudf/train_pool5_ab "
>> Executing: [giraudf@eurecom28.eurecom.fr] -5 -1 45.7642 (best c=8.0, g=0.0001220703125, rate=48.1465)
ssh -x -t -t giraudf@eurecom28.eurecom.fr "cd /homes/giraudf/plibsvm-3.18; tools/../svm-train -c 0.125  -g 8.0  -v 5 -t 2 -e 0.1 /tmp/giraudf/train_pool5_ab "
>> Executing: [giraudf@eurecom14.eurecom.fr] -5 -13 45.7642 (best c=8.0, g=0.0001220703125, rate=48.1465)
ssh -x -t -t giraudf@eurecom14.eurecom.fr "cd /homes/giraudf/plibsvm-3.18; tools/../svm-train -c 512.0  -g 8.0  -v 5 -t 2 -e 0.1 /tmp/giraudf/train_pool5_ab "
>> Executing: [giraudf@eurecom16.eurecom.fr] -5 1 45.7642 (best c=8.0, g=0.0001220703125, rate=48.1465)
ssh -x -t -t giraudf@eurecom16.eurecom.fr "cd /homes/giraudf/plibsvm-3.18; tools/../svm-train -c 8.0  -g 8.0  -v 5 -t 2 -e 0.1 /tmp/giraudf/train_pool5_ab "
>> Executing: [giraudf@eurecom19.eurecom.fr] -5 -5 45.7642 (best c=8.0, g=0.0001220703125, rate=48.1465)
ssh -x -t -t giraudf@eurecom19.eurecom.fr "cd /homes/giraudf/plibsvm-3.18; tools/../svm-train -c 32768.0  -g 8.0  -v 5 -t 2 -e 0.1 /tmp/giraudf/train_pool5_ab "
>> Executing: [giraudf@eurecom22.eurecom.fr] -5 -11 45.7642 (best c=8.0, g=0.0001220703125, rate=48.1465)
ssh -x -t -t giraudf@eurecom22.eurecom.fr "cd /homes/giraudf/plibsvm-3.18; tools/../svm-train -c 0.03125  -g 8.0  -v 5 -t 2 -e 0.1 /tmp/giraudf/train_pool5_ab "
[giraudf@eurecom12.eurecom.fr] -5 -15 45.7642 (best c=8.0, g=0.0001220703125, rate=48.1465)
 >> Executing: ssh -x -t -t giraudf@eurecom12.eurecom.fr "cd /homes/giraudf/plibsvm-3.18; tools/../svm-train -c 128.0  -g 0.0078125  -v 5 -t 2 -e 0.1 /tmp/giraudf/train_pool5_ab "
>> Executing: [giraudf@eurecom10.eurecom.fr] -1 -15 46.6103 (best c=8.0, g=0.0001220703125, rate=48.1465)
ssh -x -t -t giraudf@eurecom10.eurecom.fr "cd /homes/giraudf/plibsvm-3.18; tools/../svm-train -c 128.0  -g 0.5  -v 5 -t 2 -e 0.1 /tmp/giraudf/train_pool5_ab "
>> Executing: [giraudf@eurecom26.eurecom.fr] -3 -15 45.7642 (best c=8.0, g=0.0001220703125, rate=48.1465)
ssh -x -t -t giraudf@eurecom26.eurecom.fr "cd /homes/giraudf/plibsvm-3.18; tools/../svm-train -c 128.0  -g 0.0001220703125  -v 5 -t 2 -e 0.1 /tmp/giraudf/train_pool5_ab "
>> Executing: [giraudf@eurecom25.eurecom.fr] 15 -11 47.601 (best c=8.0, g=0.0001220703125, rate=48.1465)
ssh -x -t -t giraudf@eurecom25.eurecom.fr "cd /homes/giraudf/plibsvm-3.18; tools/../svm-train -c 128.0  -g 2.0  -v 5 -t 2 -e 0.1 /tmp/giraudf/train_pool5_ab "
[giraudf@eurecom13.eurecom.fr] 15 -5 47.5788 (best c=8.0, g=0.0001220703125, rate=48.1465)
 >> Executing: ssh -x -t -t giraudf@eurecom13.eurecom.fr "cd /homes/giraudf/plibsvm-3.18; tools/../svm-train -c 128.0  -g 0.00048828125  -v 5 -t 2 -e 0.1 /tmp/giraudf/train_pool5_ab "
[giraudf@eurecom22.eurecom.fr] -5 3 45.7642 (best c=8.0, g=0.0001220703125, rate=48.1465)
 >> Executing: ssh -x -t -t giraudf@eurecom22.eurecom.fr "cd /homes/giraudf/plibsvm-3.18; tools/../svm-train -c 128.0  -g 0.03125  -v 5 -t 2 -e 0.1 /tmp/giraudf/train_pool5_ab "
[giraudf@eurecom17.eurecom.fr] 5 -15 49.5269 (best c=32.0, g=3.0517578125e-05, rate=49.5269)
 >> Executing: ssh -x -t -t giraudf@eurecom17.eurecom.fr "cd /homes/giraudf/plibsvm-3.18; tools/../svm-train -c 128.0  -g 3.0517578125e-05  -v 5 -t 2 -e 0.1 /tmp/giraudf/train_pool5_ab "
[giraudf@eurecom28.eurecom.fr] -3 3 45.7642 (best c=32.0, g=3.0517578125e-05, rate=49.5269)
 >> Executing: ssh -x -t -t giraudf@eurecom28.eurecom.fr "cd /homes/giraudf/plibsvm-3.18; tools/../svm-train -c 128.0  -g 8.0  -v 5 -t 2 -e 0.1 /tmp/giraudf/train_pool5_ab "
>> Executing: [giraudf@eurecom11.eurecom.fr] -1 3 45.9089 (best c=32.0, g=3.0517578125e-05, rate=49.5269)
ssh -x -t -t giraudf@eurecom11.eurecom.fr "cd /homes/giraudf/plibsvm-3.18; tools/../svm-train -c 32.0  -g 0.001953125  -v 5 -t 2 -e 0.1 /tmp/giraudf/train_pool5_ab "
>> Executing: [giraudf@eurecom24.eurecom.fr] 9 -15 49.5269 (best c=32.0, g=3.0517578125e-05, rate=49.5269)
ssh -x -t -t giraudf@eurecom24.eurecom.fr "cd /homes/giraudf/plibsvm-3.18; tools/../svm-train -c 0.5  -g 0.001953125  -v 5 -t 2 -e 0.1 /tmp/giraudf/train_pool5_ab "
[giraudf@eurecom18.eurecom.fr] 11 -15 49.5269 (best c=32.0, g=3.0517578125e-05, rate=49.5269)
 >> Executing: ssh -x -t -t giraudf@eurecom18.eurecom.fr "cd /homes/giraudf/plibsvm-3.18; tools/../svm-train -c 2048.0  -g 0.001953125  -v 5 -t 2 -e 0.1 /tmp/giraudf/train_pool5_ab "
>> Executing: [giraudf@eurecom29.eurecom.fr] 3 -15 49.5269 (best c=8.0, g=3.0517578125e-05, rate=49.5269)
ssh -x -t -t giraudf@eurecom29.eurecom.fr "cd /homes/giraudf/plibsvm-3.18; tools/../svm-train -c 0.125  -g 0.001953125  -v 5 -t 2 -e 0.1 /tmp/giraudf/train_pool5_ab "
>> Executing: [giraudf@eurecom23.eurecom.fr] 15 -15 49.5269 (best c=8.0, g=3.0517578125e-05, rate=49.5269)
ssh -x -t -t giraudf@eurecom23.eurecom.fr "cd /homes/giraudf/plibsvm-3.18; tools/../svm-train -c 512.0  -g 0.001953125  -v 5 -t 2 -e 0.1 /tmp/giraudf/train_pool5_ab "
>> Executing: ssh -x -t -t giraudf@eurecom15.eurecom.fr "cd /homes/giraudf/plibsvm-3.18; tools/../svm-train -c 8.0  -g 0.001953125  -v 5 -t 2 -e 0.1 /tmp/giraudf/train_pool5_ab "[giraudf@eurecom15.eurecom.fr] 5 3 47.5231 (best c=8.0, g=3.0517578125e-05, rate=49.5269)

>> Executing: ssh -x -t -t giraudf@eurecom21.eurecom.fr "cd /homes/giraudf/plibsvm-3.18; tools/../svm-train -c 32768.0  -g 0.001953125  -v 5 -t 2 -e 0.1 /tmp/giraudf/train_pool5_ab "
 >> Executing: ssh -x -t -t giraudf@eurecom20.eurecom.fr "cd /homes/giraudf/plibsvm-3.18; tools/../svm-train -c 0.03125  -g 0.001953125  -v 5 -t 2 -e 0.1 /tmp/giraudf/train_pool5_ab "
[giraudf@eurecom21.eurecom.fr] -3 -13 45.7642 (best c=8.0, g=3.0517578125e-05, rate=49.5269)
[giraudf@eurecom20.eurecom.fr] -3 -1 45.7642 (best c=8.0, g=3.0517578125e-05, rate=49.5269)
>> Executing: ssh -x -t -t giraudf@eurecom27.eurecom.fr "cd /homes/giraudf/plibsvm-3.18; tools/../svm-train -c 128.0  -g 0.001953125  -v 5 -t 2 -e 0.1 /tmp/giraudf/train_pool5_ab "
[giraudf@eurecom27.eurecom.fr] 11 3 47.5231 (best c=8.0, g=3.0517578125e-05, rate=49.5269)
>> Executing: ssh -x -t -t giraudf@eurecom16.eurecom.fr "cd /homes/giraudf/plibsvm-3.18; tools/../svm-train -c 2.0  -g 0.0078125  -v 5 -t 2 -e 0.1 /tmp/giraudf/train_pool5_ab "
[giraudf@eurecom16.eurecom.fr] 3 3 47.5231 (best c=8.0, g=3.0517578125e-05, rate=49.5269)
>> Executing: ssh -x -t -t giraudf@eurecom19.eurecom.fr "cd /homes/giraudf/plibsvm-3.18; tools/../svm-train -c 2.0  -g 0.5  -v 5 -t 2 -e 0.1 /tmp/giraudf/train_pool5_ab "
 [giraudf@eurecom19.eurecom.fr] 15 3 47.5231 (best c=8.0, g=3.0517578125e-05, rate=49.5269)
>> Executing: [giraudf@eurecom14.eurecom.fr] 9 3 47.5231 (best c=8.0, g=3.0517578125e-05, rate=49.5269)
ssh -x -t -t giraudf@eurecom14.eurecom.fr "cd /homes/giraudf/plibsvm-3.18; tools/../svm-train -c 2.0  -g 0.0001220703125  -v 5 -t 2 -e 0.1 /tmp/giraudf/train_pool5_ab "
[giraudf@eurecom10.eurecom.fr] 7 -1 47.5231 (best c=8.0, g=3.0517578125e-05, rate=49.5269)
 >> Executing: ssh -x -t -t giraudf@eurecom10.eurecom.fr "cd /homes/giraudf/plibsvm-3.18; tools/../svm-train -c 2.0  -g 2.0  -v 5 -t 2 -e 0.1 /tmp/giraudf/train_pool5_ab "
[giraudf@eurecom12.eurecom.fr] 7 -7 47.601 (best c=8.0, g=3.0517578125e-05, rate=49.5269)
 >> Executing: ssh -x -t -t giraudf@eurecom12.eurecom.fr "cd /homes/giraudf/plibsvm-3.18; tools/../svm-train -c 2.0  -g 0.00048828125  -v 5 -t 2 -e 0.1 /tmp/giraudf/train_pool5_ab "
>> Executing:[giraudf@eurecom29.eurecom.fr] -3 -9 45.7642 (best c=8.0, g=3.0517578125e-05, rate=49.5269)
 ssh -x -t -t giraudf@eurecom29.eurecom.fr "cd /homes/giraudf/plibsvm-3.18; tools/../svm-train -c 2.0  -g 0.03125  -v 5 -t 2 -e 0.1 /tmp/giraudf/train_pool5_ab "
>> Executing: [giraudf@eurecom26.eurecom.fr] 7 -13 48.1465 (best c=8.0, g=3.0517578125e-05, rate=49.5269)
ssh -x -t -t giraudf@eurecom26.eurecom.fr "cd /homes/giraudf/plibsvm-3.18; tools/../svm-train -c 2.0  -g 3.0517578125e-05  -v 5 -t 2 -e 0.1 /tmp/giraudf/train_pool5_ab "
[giraudf@eurecom25.eurecom.fr] 7 1 47.5231 (best c=8.0, g=3.0517578125e-05, rate=49.5269)
 >> Executing: ssh -x -t -t giraudf@eurecom25.eurecom.fr "cd /homes/giraudf/plibsvm-3.18; tools/../svm-train -c 2.0  -g 8.0  -v 5 -t 2 -e 0.1 /tmp/giraudf/train_pool5_ab "
>> Executing: [giraudf@eurecom13.eurecom.fr] 7 -11 47.601 (best c=8.0, g=3.0517578125e-05, rate=49.5269)
ssh -x -t -t giraudf@eurecom13.eurecom.fr "cd /homes/giraudf/plibsvm-3.18; tools/../svm-train -c 2.0  -g 0.001953125  -v 5 -t 2 -e 0.1 /tmp/giraudf/train_pool5_ab "
[giraudf@eurecom20.eurecom.fr] -5 -9 45.7642 (best c=8.0, g=3.0517578125e-05, rate=49.5269)
 >> Executing: ssh -x -t -t giraudf@eurecom20.eurecom.fr "cd /homes/giraudf/plibsvm-3.18; tools/../svm-train -c 32.0  -g 0.125  -v 5 -t 2 -e 0.1 /tmp/giraudf/train_pool5_ab "
[giraudf@eurecom22.eurecom.fr] 7 -5 47.5788 (best c=8.0, g=3.0517578125e-05, rate=49.5269)
>> Executing: ssh -x -t -t giraudf@eurecom22.eurecom.fr "cd /homes/giraudf/plibsvm-3.18; tools/../svm-train -c 0.5  -g 0.125  -v 5 -t 2 -e 0.1 /tmp/giraudf/train_pool5_ab "
[giraudf@eurecom24.eurecom.fr] -1 -9 45.9201 (best c=8.0, g=3.0517578125e-05, rate=49.5269)
>> Executing: ssh -x -t -t giraudf@eurecom24.eurecom.fr "cd /homes/giraudf/plibsvm-3.18; tools/../svm-train -c 2048.0  -g 0.125  -v 5 -t 2 -e 0.1 /tmp/giraudf/train_pool5_ab "
>> Executing: [giraudf@eurecom17.eurecom.fr] 7 -15 49.5269 (best c=8.0, g=3.0517578125e-05, rate=49.5269)
ssh -x -t -t giraudf@eurecom17.eurecom.fr "cd /homes/giraudf/plibsvm-3.18; tools/../svm-train -c 0.125  -g 0.125  -v 5 -t 2 -e 0.1 /tmp/giraudf/train_pool5_ab "
>> Executing: ssh -x -t -t giraudf@eurecom28.eurecom.fr "cd /homes/giraudf/plibsvm-3.18; tools/../svm-train -c 512.0  -g 0.125  -v 5 -t 2 -e 0.1 /tmp/giraudf/train_pool5_ab "
[giraudf@eurecom28.eurecom.fr] 7 3 47.5231 (best c=8.0, g=3.0517578125e-05, rate=49.5269)

^[[B
[giraudf@eurecom11.eurecom.fr] 5 -9 47.601 (best c=8.0, g=3.0517578125e-05, rate=49.5269)
 >> Executing: ssh -x -t -t giraudf@eurecom11.eurecom.fr "cd /homes/giraudf/plibsvm-3.18; tools/../svm-train -c 8.0  -g 0.125  -v 5 -t 2 -e 0.1 /tmp/giraudf/train_pool5_ab "
>> Executing: [giraudf@eurecom18.eurecom.fr] 11 -9 47.601 (best c=8.0, g=3.0517578125e-05, rate=49.5269)
ssh -x -t -t giraudf@eurecom18.eurecom.fr "cd /homes/giraudf/plibsvm-3.18; tools/../svm-train -c 32768.0  -g 0.125  -v 5 -t 2 -e 0.1 /tmp/giraudf/train_pool5_ab "
>> Executing: [giraudf@eurecom23.eurecom.fr] 9 -9 47.601 (best c=8.0, g=3.0517578125e-05, rate=49.5269)
ssh -x -t -t giraudf@eurecom23.eurecom.fr "cd /homes/giraudf/plibsvm-3.18; tools/../svm-train -c 0.03125  -g 0.125  -v 5 -t 2 -e 0.1 /tmp/giraudf/train_pool5_ab "
>> Executing: [giraudf@eurecom17.eurecom.fr] -3 -3 45.7642 (best c=8.0, g=3.0517578125e-05, rate=49.5269)
ssh -x -t -t giraudf@eurecom17.eurecom.fr "cd /homes/giraudf/plibsvm-3.18; tools/../svm-train -c 128.0  -g 0.125  -v 5 -t 2 -e 0.1 /tmp/giraudf/train_pool5_ab "
[giraudf@eurecom15.eurecom.fr] 3 -9 47.601 (best c=8.0, g=3.0517578125e-05, rate=49.5269)
 >> Executing: ssh -x -t -t giraudf@eurecom15.eurecom.fr "cd /homes/giraudf/plibsvm-3.18; tools/../svm-train -c 2.0  -g 0.125  -v 5 -t 2 -e 0.1 /tmp/giraudf/train_pool5_ab "
[giraudf@eurecom23.eurecom.fr] -5 -3 45.7642 (best c=8.0, g=3.0517578125e-05, rate=49.5269)
>> Executing: ssh -x -t -t giraudf@eurecom23.eurecom.fr "cd /homes/giraudf/plibsvm-3.18; tools/../svm-train -c 8192.0  -g 0.0078125  -v 5 -t 2 -e 0.1 /tmp/giraudf/train_pool5_ab "
>> Executing: [giraudf@eurecom22.eurecom.fr] -1 -3 45.9089 (best c=8.0, g=3.0517578125e-05, rate=49.5269)
ssh -x -t -t giraudf@eurecom22.eurecom.fr "cd /homes/giraudf/plibsvm-3.18; tools/../svm-train -c 8192.0  -g 0.5  -v 5 -t 2 -e 0.1 /tmp/giraudf/train_pool5_ab "
>> Executing: [giraudf@eurecom27.eurecom.fr] 7 -9 47.601 (best c=8.0, g=3.0517578125e-05, rate=49.5269)
ssh -x -t -t giraudf@eurecom27.eurecom.fr "cd /homes/giraudf/plibsvm-3.18; tools/../svm-train -c 8192.0  -g 0.0001220703125  -v 5 -t 2 -e 0.1 /tmp/giraudf/train_pool5_ab "
>> Executing: [giraudf@eurecom16.eurecom.fr] 1 -7 47.601 (best c=8.0, g=3.0517578125e-05, rate=49.5269)
ssh -x -t -t giraudf@eurecom16.eurecom.fr "cd /homes/giraudf/plibsvm-3.18; tools/../svm-train -c 8192.0  -g 2.0  -v 5 -t 2 -e 0.1 /tmp/giraudf/train_pool5_ab "
>> Executing: [giraudf@eurecom19.eurecom.fr] 1 -1 47.5231 (best c=8.0, g=3.0517578125e-05, rate=49.5269)
ssh -x -t -t giraudf@eurecom19.eurecom.fr "cd /homes/giraudf/plibsvm-3.18; tools/../svm-train -c 8192.0  -g 0.00048828125  -v 5 -t 2 -e 0.1 /tmp/giraudf/train_pool5_ab "
>> Executing: [giraudf@eurecom14.eurecom.fr] 1 -13 48.1465 (best c=8.0, g=3.0517578125e-05, rate=49.5269)
ssh -x -t -t giraudf@eurecom14.eurecom.fr "cd /homes/giraudf/plibsvm-3.18; tools/../svm-train -c 8192.0  -g 0.03125  -v 5 -t 2 -e 0.1 /tmp/giraudf/train_pool5_ab "
[giraudf@eurecom10.eurecom.fr] 1 1 47.5231 (best c=8.0, g=3.0517578125e-05, rate=49.5269)
 >> Executing: ssh -x -t -t giraudf@eurecom10.eurecom.fr "cd /homes/giraudf/plibsvm-3.18; tools/../svm-train -c 8192.0  -g 3.0517578125e-05  -v 5 -t 2 -e 0.1 /tmp/giraudf/train_pool5_ab "
>> Executing: [giraudf@eurecom26.eurecom.fr] 1 -15 49.5491 (best c=2.0, g=3.0517578125e-05, rate=49.5491)
ssh -x -t -t giraudf@eurecom26.eurecom.fr "cd /homes/giraudf/plibsvm-3.18; tools/../svm-train -c 8192.0  -g 8.0  -v 5 -t 2 -e 0.1 /tmp/giraudf/train_pool5_ab "
>> Executing: [giraudf@eurecom29.eurecom.fr] 1 -5 47.5788 (best c=2.0, g=3.0517578125e-05, rate=49.5491)
ssh -x -t -t giraudf@eurecom29.eurecom.fr "cd /homes/giraudf/plibsvm-3.18; tools/../svm-train -c 8192.0  -g 0.001953125  -v 5 -t 2 -e 0.1 /tmp/giraudf/train_pool5_ab "
[giraudf@eurecom25.eurecom.fr] 1 3 47.5231 (best c=2.0, g=3.0517578125e-05, rate=49.5491)
>> Executing: ssh -x -t -t giraudf@eurecom25.eurecom.fr "cd /homes/giraudf/plibsvm-3.18; tools/../svm-train -c 8192.0  -g 0.125  -v 5 -t 2 -e 0.1 /tmp/giraudf/train_pool5_ab "
[giraudf@eurecom12.eurecom.fr] 1 -11 47.601 (best c=2.0, g=3.0517578125e-05, rate=49.5491)
[giraudf@eurecom13.eurecom.fr] 1 -9 47.601 (best c=2.0, g=3.0517578125e-05, rate=49.5491)
[giraudf@eurecom20.eurecom.fr] 5 -3 47.5231 (best c=2.0, g=3.0517578125e-05, rate=49.5491)

[giraudf@eurecom24.eurecom.fr] 11 -3 47.5231 (best c=2.0, g=3.0517578125e-05, rate=49.5491)
[giraudf@eurecom28.eurecom.fr] 9 -3 47.5231 (best c=2.0, g=3.0517578125e-05, rate=49.5491)
[giraudf@eurecom11.eurecom.fr] 3 -3 47.5231 (best c=2.0, g=3.0517578125e-05, rate=49.5491)
[giraudf@eurecom18.eurecom.fr] 15 -3 47.5231 (best c=2.0, g=3.0517578125e-05, rate=49.5491)
[giraudf@eurecom17.eurecom.fr] 7 -3 47.5231 (best c=2.0, g=3.0517578125e-05, rate=49.5491)
[giraudf@eurecom15.eurecom.fr] 1 -3 47.5231 (best c=2.0, g=3.0517578125e-05, rate=49.5491)
[giraudf@eurecom23.eurecom.fr] 13 -7 47.601 (best c=2.0, g=3.0517578125e-05, rate=49.5491)
[giraudf@eurecom27.eurecom.fr] 13 -13 48.1465 (best c=2.0, g=3.0517578125e-05, rate=49.5491)
[giraudf@eurecom22.eurecom.fr] 13 -1 47.5231 (best c=2.0, g=3.0517578125e-05, rate=49.5491)
[giraudf@eurecom16.eurecom.fr] 13 1 47.5231 (best c=2.0, g=3.0517578125e-05, rate=49.5491)
[giraudf@eurecom14.eurecom.fr] 13 -5 47.5788 (best c=2.0, g=3.0517578125e-05, rate=49.5491)
[giraudf@eurecom19.eurecom.fr] 13 -11 47.601 (best c=2.0, g=3.0517578125e-05, rate=49.5491)
[giraudf@eurecom10.eurecom.fr] 13 -15 49.5269 (best c=2.0, g=3.0517578125e-05, rate=49.5491)
[giraudf@eurecom29.eurecom.fr] 13 -9 47.601 (best c=2.0, g=3.0517578125e-05, rate=49.5491)
[giraudf@eurecom26.eurecom.fr] 13 3 47.5231 (best c=2.0, g=3.0517578125e-05, rate=49.5491)
[giraudf@eurecom25.eurecom.fr] 13 -3 47.5231 (best c=2.0, g=3.0517578125e-05, rate=49.5491)
Traceback (most recent call last):
  File "tools/grid.py", line 266, in run
    if rate is None: raise RuntimeError('get no rate')
RuntimeError: get no rate
worker giraudf@eurecom21.eurecom.fr quit.
>> Executing: ssh -x -t -t giraudf@eurecom12.eurecom.fr "cd /homes/giraudf/plibsvm-3.18; tools/../svm-train -c 32768.0  -g 0.001953125  -v 5 -t 2 -e 0.1 /tmp/giraudf/train_pool5_ab "
[giraudf@eurecom12.eurecom.fr] 15 -9 47.601 (best c=2.0, g=3.0517578125e-05, rate=49.5491)
2.0 3.0517578125e-05 49.5491

